0 info it worked if it ends with ok
1 verbose cli [ 'C:\\Program Files\\nodejs\\node.exe',
1 verbose cli   'C:\\Users\\md388s\\AppData\\Roaming\\npm\\node_modules\\npm\\bin\\npm-cli.js',
1 verbose cli   'run',
1 verbose cli   'watch' ]
2 info using npm@3.10.8
3 info using node@v6.6.0
4 verbose run-script [ 'prewatch', 'watch', 'postwatch' ]
5 info lifecycle savi@0.9.1~prewatch: savi@0.9.1
6 silly lifecycle savi@0.9.1~prewatch: no script for prewatch, continuing
7 info lifecycle savi@0.9.1~watch: savi@0.9.1
8 verbose lifecycle savi@0.9.1~watch: unsafe-perm in lifecycle true
9 verbose lifecycle savi@0.9.1~watch: PATH: C:\Users\md388s\AppData\Roaming\npm\node_modules\npm\bin\node-gyp-bin;C:\Users\md388s\angular2\salvation\sacpcp\node_modules\.bin;C:\Program Files (x86)\Teradata\Client\14.10\ODBC Driver for Teradata\Lib\;C:\Program Files (x86)\Teradata\Client\14.10\Shared ICU Libraries for Teradata\lib\;C:\ProgramData\Oracle\Java\javapath;C:\Program Files\RSA SecurID Token Common;C:\Program Files (x86)\NVIDIA Corporation\PhysX\Common;C:\Windows\system32;C:\Windows;C:\Windows\System32\Wbem;C:\Windows\System32\WindowsPowerShell\v1.0\;C:\Program Files (x86)\Intel\OpenCL SDK\3.0\bin\x86;C:\Program Files (x86)\Intel\OpenCL SDK\3.0\bin\x64;C:\Program Files (x86)\Java\jre8\bin;%M2%;C:\Program Files\TortoiseSVN\bin;C:\HashiCorp\Vagrant\bin;C:\Program Files\Vertica Systems\bin;C:\Windows\System32\WindowsPowerShell\v1.0\;C:\Program Files\Git\cmd;C:\Program Files\nodejs\;C:\Program Files\1E\NomadBranch\;C:\Program Files (x86)\Enterprise Vault\EVClient\;C:\Users\md388s\AppData\Local\Programs\Python\Python35-32\Scripts\;C:\Users\md388s\AppData\Local\Programs\Python\Python35-32\;C:\Program Files (x86)\Microsoft VS Code\bin;C:\Users\md388s\Maven\apache-maven-3.3.9\bin;C:\Users\md388s\AppData\Roaming\npm
10 verbose lifecycle savi@0.9.1~watch: CWD: C:\Users\md388s\angular2\salvation\sacpcp
11 silly lifecycle savi@0.9.1~watch: Args: [ '/d /s /c', 'ionic-app-scripts watch' ]
12 silly lifecycle savi@0.9.1~watch: Returned: code: 1  signal: null
13 info lifecycle savi@0.9.1~watch: Failed to exec watch script
14 verbose stack Error: savi@0.9.1 watch: `ionic-app-scripts watch`
14 verbose stack Exit status 1
14 verbose stack     at EventEmitter.<anonymous> (C:\Users\md388s\AppData\Roaming\npm\node_modules\npm\lib\utils\lifecycle.js:255:16)
14 verbose stack     at emitTwo (events.js:106:13)
14 verbose stack     at EventEmitter.emit (events.js:191:7)
14 verbose stack     at ChildProcess.<anonymous> (C:\Users\md388s\AppData\Roaming\npm\node_modules\npm\lib\utils\spawn.js:40:14)
14 verbose stack     at emitTwo (events.js:106:13)
14 verbose stack     at ChildProcess.emit (events.js:191:7)
14 verbose stack     at maybeClose (internal/child_process.js:877:16)
14 verbose stack     at Process.ChildProcess._handle.onexit (internal/child_process.js:226:5)
15 verbose pkgid savi@0.9.1
16 verbose cwd C:\Users\md388s\angular2\salvation\sacpcp
17 error Windows_NT 6.1.7601
18 error argv "C:\\Program Files\\nodejs\\node.exe" "C:\\Users\\md388s\\AppData\\Roaming\\npm\\node_modules\\npm\\bin\\npm-cli.js" "run" "watch"
19 error node v6.6.0
20 error npm  v3.10.8
21 error code ELIFECYCLE
22 error savi@0.9.1 watch: `ionic-app-scripts watch`
22 error Exit status 1
23 error Failed at the savi@0.9.1 watch script 'ionic-app-scripts watch'.
23 error Make sure you have the latest version of node.js and npm installed.
23 error If you do, this is most likely a problem with the savi package,
23 error not with npm itself.
23 error Tell the author that this fails on your system:
23 error     ionic-app-scripts watch
23 error You can get information on how to open an issue for this project with:
23 error     npm bugs savi
23 error Or if that isn't available, you can get their info via:
23 error     npm owner ls savi
23 error There is likely additional logging output above.
24 verbose exit [ 1, true ]
